# JRE version: OpenJDK Runtime Environment (15.0.1+9) (build 15.0.1+9-18)
# Java VM: OpenJDK 64-Bit Server VM (15.0.1+9-18, mixed mode, tiered, compressed oops, g1 gc, windows-amd64)
GC Precious Log:
 CPUs: 4 total, 4 available
 Memory: 4061M
 Large Page Support: Disabled
 NUMA Support: Disabled
 Compressed Oops: Enabled (32-bit)
 Heap Region Size: 1M
 Heap Min Capacity: 8M
 Heap Initial Capacity: 64M
 Heap Max Capacity: 1016M
 Pre-touch: Disabled
 Parallel Workers: 4
 Concurrent Workers: 1
 Concurrent Refinement Workers: 4
 Periodic GC: Disabled
Heap:
 garbage-first heap   total 104448K, used 60234K [0x00000000c0800000, 0x0000000100000000)
  region size 1024K, 3 young (3072K), 3 survivors (3072K)
 Metaspace       used 25806K, capacity 26086K, committed 26416K, reserved 1073152K
  class space    used 3015K, capacity 3105K, committed 3200K, reserved 1048576K
GC Heap History (12 events):
Event: 0.794 GC heap before
{Heap before GC invocations=0 (full 0):
 garbage-first heap   total 65536K, used 13312K [0x00000000c0800000, 0x0000000100000000)
  region size 1024K, 13 young (13312K), 0 survivors (0K)
 Metaspace       used 10273K, capacity 10401K, committed 10496K, reserved 1058816K
  class space    used 906K, capacity 950K, committed 1024K, reserved 1048576K
}
Event: 0.799 GC heap after
{Heap after GC invocations=1 (full 0):
 garbage-first heap   total 65536K, used 2637K [0x00000000c0800000, 0x0000000100000000)
  region size 1024K, 2 young (2048K), 2 survivors (2048K)
 Metaspace       used 10273K, capacity 10401K, committed 10496K, reserved 1058816K
  class space    used 906K, capacity 950K, committed 1024K, reserved 1048576K
}
Event: 1.180 GC heap before
{Heap before GC invocations=1 (full 0):
 garbage-first heap   total 65536K, used 19021K [0x00000000c0800000, 0x0000000100000000)
  region size 1024K, 18 young (18432K), 2 survivors (2048K)
 Metaspace       used 12861K, capacity 12996K, committed 13312K, reserved 1060864K
  class space    used 1176K, capacity 1215K, committed 1280K, reserved 1048576K
}
Event: 1.184 GC heap after
{Heap after GC invocations=2 (full 0):
 garbage-first heap   total 65536K, used 3689K [0x00000000c0800000, 0x0000000100000000)
  region size 1024K, 2 young (2048K), 2 survivors (2048K)
 Metaspace       used 12861K, capacity 12996K, committed 13312K, reserved 1060864K
  class space    used 1176K, capacity 1215K, committed 1280K, reserved 1048576K
}
Event: 1.731 GC heap before
{Heap before GC invocations=2 (full 0):
 garbage-first heap   total 65536K, used 39529K [0x00000000c0800000, 0x0000000100000000)
  region size 1024K, 38 young (38912K), 2 survivors (2048K)
 Metaspace       used 18239K, capacity 18479K, committed 18688K, reserved 1067008K
  class space    used 1859K, capacity 1951K, committed 2048K, reserved 1048576K
}
Event: 1.737 GC heap after
{Heap after GC invocations=3 (full 0):
 garbage-first heap   total 65536K, used 6147K [0x00000000c0800000, 0x0000000100000000)
  region size 1024K, 4 young (4096K), 4 survivors (4096K)
 Metaspace       used 18239K, capacity 18479K, committed 18688K, reserved 1067008K
  class space    used 1859K, capacity 1951K, committed 2048K, reserved 1048576K
}
Event: 2.510 GC heap before
{Heap before GC invocations=3 (full 0):
 garbage-first heap   total 65536K, used 33795K [0x00000000c0800000, 0x0000000100000000)
  region size 1024K, 23 young (23552K), 4 survivors (4096K)
 Metaspace       used 20876K, capacity 21132K, committed 21296K, reserved 1069056K
  class space    used 2281K, capacity 2353K, committed 2432K, reserved 1048576K
}
Event: 2.518 GC heap after
{Heap after GC invocations=4 (full 0):
 garbage-first heap   total 65536K, used 17353K [0x00000000c0800000, 0x0000000100000000)
  region size 1024K, 2 young (2048K), 2 survivors (2048K)
 Metaspace       used 20876K, capacity 21132K, committed 21296K, reserved 1069056K
  class space    used 2281K, capacity 2353K, committed 2432K, reserved 1048576K
}
Event: 3.236 GC heap before
{Heap before GC invocations=5 (full 0):
 garbage-first heap   total 65536K, used 47049K [0x00000000c0800000, 0x0000000100000000)
  region size 1024K, 32 young (32768K), 2 survivors (2048K)
 Metaspace       used 24820K, capacity 25118K, committed 25264K, reserved 1071104K
  class space    used 2962K, capacity 3040K, committed 3072K, reserved 1048576K
}
Event: 3.242 GC heap after
{Heap after GC invocations=6 (full 0):
 garbage-first heap   total 65536K, used 18389K [0x00000000c0800000, 0x0000000100000000)
  region size 1024K, 3 young (3072K), 3 survivors (3072K)
 Metaspace       used 24820K, capacity 25118K, committed 25264K, reserved 1071104K
  class space    used 2962K, capacity 3040K, committed 3072K, reserved 1048576K
}
Event: 12.206 GC heap before
{Heap before GC invocations=6 (full 0):
 garbage-first heap   total 65536K, used 24533K [0x00000000c0800000, 0x0000000100000000)
  region size 1024K, 9 young (9216K), 3 survivors (3072K)
 Metaspace       used 25682K, capacity 26016K, committed 26160K, reserved 1073152K
  class space    used 3012K, capacity 3104K, committed 3200K, reserved 1048576K
}
Event: 12.211 GC heap after
{Heap after GC invocations=7 (full 0):
 garbage-first heap   total 65536K, used 21142K [0x00000000c0800000, 0x0000000100000000)
  region size 1024K, 4 young (4096K), 4 survivors (4096K)
 Metaspace       used 25682K, capacity 26016K, committed 26160K, reserved 1073152K
  class space    used 3012K, capacity 3104K, committed 3200K, reserved 1048576K
}

