# JRE version: OpenJDK Runtime Environment (15.0.1+9) (build 15.0.1+9-18)
# Java VM: OpenJDK 64-Bit Server VM (15.0.1+9-18, mixed mode, tiered, compressed oops, g1 gc, windows-amd64)
GC Precious Log:
 CPUs: 4 total, 4 available
 Memory: 4061M
 Large Page Support: Disabled
 NUMA Support: Disabled
 Compressed Oops: Enabled (32-bit)
 Heap Region Size: 1M
 Heap Min Capacity: 8M
 Heap Initial Capacity: 64M
 Heap Max Capacity: 1016M
 Pre-touch: Disabled
 Parallel Workers: 4
 Concurrent Workers: 1
 Concurrent Refinement Workers: 4
 Periodic GC: Disabled
Heap:
 garbage-first heap   total 111616K, used 64382K [0x00000000c0800000, 0x0000000100000000)
  region size 1024K, 4 young (4096K), 3 survivors (3072K)
 Metaspace       used 25807K, capacity 26085K, committed 26416K, reserved 1073152K
  class space    used 3031K, capacity 3105K, committed 3200K, reserved 1048576K
GC Heap History (14 events):
Event: 1.054 GC heap before
{Heap before GC invocations=0 (full 0):
 garbage-first heap   total 65536K, used 13312K [0x00000000c0800000, 0x0000000100000000)
  region size 1024K, 13 young (13312K), 0 survivors (0K)
 Metaspace       used 10271K, capacity 10401K, committed 10496K, reserved 1058816K
  class space    used 907K, capacity 950K, committed 1024K, reserved 1048576K
}
Event: 1.059 GC heap after
{Heap after GC invocations=1 (full 0):
 garbage-first heap   total 65536K, used 2563K [0x00000000c0800000, 0x0000000100000000)
  region size 1024K, 2 young (2048K), 2 survivors (2048K)
 Metaspace       used 10271K, capacity 10401K, committed 10496K, reserved 1058816K
  class space    used 907K, capacity 950K, committed 1024K, reserved 1048576K
}
Event: 1.474 GC heap before
{Heap before GC invocations=1 (full 0):
 garbage-first heap   total 65536K, used 18947K [0x00000000c0800000, 0x0000000100000000)
  region size 1024K, 18 young (18432K), 2 survivors (2048K)
 Metaspace       used 12847K, capacity 12996K, committed 13312K, reserved 1060864K
  class space    used 1176K, capacity 1215K, committed 1280K, reserved 1048576K
}
Event: 1.480 GC heap after
{Heap after GC invocations=2 (full 0):
 garbage-first heap   total 65536K, used 3665K [0x00000000c0800000, 0x0000000100000000)
  region size 1024K, 2 young (2048K), 2 survivors (2048K)
 Metaspace       used 12847K, capacity 12996K, committed 13312K, reserved 1060864K
  class space    used 1176K, capacity 1215K, committed 1280K, reserved 1048576K
}
Event: 2.921 GC heap before
{Heap before GC invocations=2 (full 0):
 garbage-first heap   total 65536K, used 39505K [0x00000000c0800000, 0x0000000100000000)
  region size 1024K, 38 young (38912K), 2 survivors (2048K)
 Metaspace       used 18113K, capacity 18327K, committed 18432K, reserved 1064960K
  class space    used 1852K, capacity 1944K, committed 2048K, reserved 1048576K
}
Event: 2.928 GC heap after
{Heap after GC invocations=3 (full 0):
 garbage-first heap   total 65536K, used 6321K [0x00000000c0800000, 0x0000000100000000)
  region size 1024K, 4 young (4096K), 4 survivors (4096K)
 Metaspace       used 18113K, capacity 18327K, committed 18432K, reserved 1064960K
  class space    used 1852K, capacity 1944K, committed 2048K, reserved 1048576K
}
Event: 4.287 GC heap before
{Heap before GC invocations=3 (full 0):
 garbage-first heap   total 65536K, used 33969K [0x00000000c0800000, 0x0000000100000000)
  region size 1024K, 24 young (24576K), 4 survivors (4096K)
 Metaspace       used 20877K, capacity 21164K, committed 21296K, reserved 1069056K
  class space    used 2284K, capacity 2385K, committed 2432K, reserved 1048576K
}
Event: 4.302 GC heap after
{Heap after GC invocations=4 (full 0):
 garbage-first heap   total 65536K, used 17044K [0x00000000c0800000, 0x0000000100000000)
  region size 1024K, 2 young (2048K), 2 survivors (2048K)
 Metaspace       used 20877K, capacity 21164K, committed 21296K, reserved 1069056K
  class space    used 2284K, capacity 2385K, committed 2432K, reserved 1048576K
}
Event: 6.513 GC heap before
{Heap before GC invocations=5 (full 0):
 garbage-first heap   total 61440K, used 49812K [0x00000000c0800000, 0x0000000100000000)
  region size 1024K, 33 young (33792K), 2 survivors (2048K)
 Metaspace       used 24894K, capacity 25151K, committed 25264K, reserved 1071104K
  class space    used 2977K, capacity 3072K, committed 3072K, reserved 1048576K
}
Event: 6.523 GC heap after
{Heap after GC invocations=6 (full 0):
 garbage-first heap   total 61440K, used 20462K [0x00000000c0800000, 0x0000000100000000)
  region size 1024K, 3 young (3072K), 3 survivors (3072K)
 Metaspace       used 24894K, capacity 25151K, committed 25264K, reserved 1071104K
  class space    used 2977K, capacity 3072K, committed 3072K, reserved 1048576K
}
Event: 11.295 GC heap before
{Heap before GC invocations=6 (full 0):
 garbage-first heap   total 61440K, used 23534K [0x00000000c0800000, 0x0000000100000000)
  region size 1024K, 7 young (7168K), 3 survivors (3072K)
 Metaspace       used 25513K, capacity 25823K, committed 26160K, reserved 1073152K
  class space    used 3012K, capacity 3104K, committed 3200K, reserved 1048576K
}
Event: 11.383 GC heap after
{Heap after GC invocations=7 (full 0):
 garbage-first heap   total 61440K, used 21037K [0x00000000c0800000, 0x0000000100000000)
  region size 1024K, 3 young (3072K), 3 survivors (3072K)
 Metaspace       used 25513K, capacity 25823K, committed 26160K, reserved 1073152K
  class space    used 3012K, capacity 3104K, committed 3200K, reserved 1048576K
}
Event: 12.968 GC heap before
{Heap before GC invocations=8 (full 0):
 garbage-first heap   total 102400K, used 61997K [0x00000000c0800000, 0x0000000100000000)
  region size 1024K, 6 young (6144K), 3 survivors (3072K)
 Metaspace       used 25807K, capacity 26085K, committed 26416K, reserved 1073152K
  class space    used 3031K, capacity 3105K, committed 3200K, reserved 1048576K
}
Event: 12.972 GC heap after
{Heap after GC invocations=9 (full 0):
 garbage-first heap   total 102400K, used 60286K [0x00000000c0800000, 0x0000000100000000)
  region size 1024K, 3 young (3072K), 3 survivors (3072K)
 Metaspace       used 25807K, capacity 26085K, committed 26416K, reserved 1073152K
  class space    used 3031K, capacity 3105K, committed 3200K, reserved 1048576K
}

