# JRE version: OpenJDK Runtime Environment (15.0.1+9) (build 15.0.1+9-18)
# Java VM: OpenJDK 64-Bit Server VM (15.0.1+9-18, mixed mode, tiered, compressed oops, g1 gc, windows-amd64)
GC Precious Log:
 CPUs: 4 total, 4 available
 Memory: 4061M
 Large Page Support: Disabled
 NUMA Support: Disabled
 Compressed Oops: Enabled (32-bit)
 Heap Region Size: 1M
 Heap Min Capacity: 8M
 Heap Initial Capacity: 64M
 Heap Max Capacity: 1016M
 Pre-touch: Disabled
 Parallel Workers: 4
 Concurrent Workers: 1
 Concurrent Refinement Workers: 4
 Periodic GC: Disabled
Heap:
 garbage-first heap   total 147456K, used 85419K [0x00000000c0800000, 0x0000000100000000)
  region size 1024K, 3 young (3072K), 2 survivors (2048K)
 Metaspace       used 27052K, capacity 27379K, committed 27440K, reserved 1073152K
  class space    used 3072K, capacity 3166K, committed 3200K, reserved 1048576K
GC Heap History (20 events):
Event: 4.438 GC heap before
{Heap before GC invocations=2 (full 0):
 garbage-first heap   total 65536K, used 40433K [0x00000000c0800000, 0x0000000100000000)
  region size 1024K, 38 young (38912K), 1 survivors (1024K)
 Metaspace       used 18397K, capacity 18614K, committed 18944K, reserved 1067008K
  class space    used 1885K, capacity 1953K, committed 2048K, reserved 1048576K
}
Event: 4.445 GC heap after
{Heap after GC invocations=3 (full 0):
 garbage-first heap   total 65536K, used 6412K [0x00000000c0800000, 0x0000000100000000)
  region size 1024K, 4 young (4096K), 4 survivors (4096K)
 Metaspace       used 18397K, capacity 18614K, committed 18944K, reserved 1067008K
  class space    used 1885K, capacity 1953K, committed 2048K, reserved 1048576K
}
Event: 5.240 GC heap before
{Heap before GC invocations=3 (full 0):
 garbage-first heap   total 65536K, used 34060K [0x00000000c0800000, 0x0000000100000000)
  region size 1024K, 23 young (23552K), 4 survivors (4096K)
 Metaspace       used 20902K, capacity 21132K, committed 21296K, reserved 1069056K
  class space    used 2283K, capacity 2353K, committed 2432K, reserved 1048576K
}
Event: 5.246 GC heap after
{Heap after GC invocations=4 (full 0):
 garbage-first heap   total 65536K, used 17020K [0x00000000c0800000, 0x0000000100000000)
  region size 1024K, 2 young (2048K), 2 survivors (2048K)
 Metaspace       used 20902K, capacity 21132K, committed 21296K, reserved 1069056K
  class space    used 2283K, capacity 2353K, committed 2432K, reserved 1048576K
}
Event: 6.840 GC heap before
{Heap before GC invocations=5 (full 0):
 garbage-first heap   total 65536K, used 46716K [0x00000000c0800000, 0x0000000100000000)
  region size 1024K, 32 young (32768K), 2 survivors (2048K)
 Metaspace       used 24817K, capacity 25054K, committed 25264K, reserved 1071104K
  class space    used 2965K, capacity 3040K, committed 3072K, reserved 1048576K
}
Event: 6.846 GC heap after
{Heap after GC invocations=6 (full 0):
 garbage-first heap   total 65536K, used 18093K [0x00000000c0800000, 0x0000000100000000)
  region size 1024K, 3 young (3072K), 3 survivors (3072K)
 Metaspace       used 24817K, capacity 25054K, committed 25264K, reserved 1071104K
  class space    used 2965K, capacity 3040K, committed 3072K, reserved 1048576K
}
Event: 23.801 GC heap before
{Heap before GC invocations=6 (full 0):
 garbage-first heap   total 65536K, used 23213K [0x00000000c0800000, 0x0000000100000000)
  region size 1024K, 8 young (8192K), 3 survivors (3072K)
 Metaspace       used 25744K, capacity 26016K, committed 26160K, reserved 1073152K
  class space    used 3009K, capacity 3104K, committed 3200K, reserved 1048576K
}
Event: 23.807 GC heap after
{Heap after GC invocations=7 (full 0):
 garbage-first heap   total 65536K, used 20434K [0x00000000c0800000, 0x0000000100000000)
  region size 1024K, 2 young (2048K), 2 survivors (2048K)
 Metaspace       used 25744K, capacity 26016K, committed 26160K, reserved 1073152K
  class space    used 3009K, capacity 3104K, committed 3200K, reserved 1048576K
}
Event: 24.920 GC heap before
{Heap before GC invocations=8 (full 0):
 garbage-first heap   total 104448K, used 61394K [0x00000000c0800000, 0x0000000100000000)
  region size 1024K, 5 young (5120K), 2 survivors (2048K)
 Metaspace       used 26018K, capacity 26342K, committed 26672K, reserved 1073152K
  class space    used 3027K, capacity 3105K, committed 3200K, reserved 1048576K
}
Event: 24.926 GC heap after
{Heap after GC invocations=9 (full 0):
 garbage-first heap   total 104448K, used 59830K [0x00000000c0800000, 0x0000000100000000)
  region size 1024K, 3 young (3072K), 3 survivors (3072K)
 Metaspace       used 26018K, capacity 26342K, committed 26672K, reserved 1073152K
  class space    used 3027K, capacity 3105K, committed 3200K, reserved 1048576K
}
Event: 63.257 GC heap before
{Heap before GC invocations=10 (full 0):
 garbage-first heap   total 112640K, used 71094K [0x00000000c0800000, 0x0000000100000000)
  region size 1024K, 12 young (12288K), 3 survivors (3072K)
 Metaspace       used 26906K, capacity 27197K, committed 27440K, reserved 1073152K
  class space    used 3061K, capacity 3151K, committed 3200K, reserved 1048576K
}
Event: 63.262 GC heap after
{Heap after GC invocations=11 (full 0):
 garbage-first heap   total 112640K, used 60991K [0x00000000c0800000, 0x0000000100000000)
  region size 1024K, 2 young (2048K), 2 survivors (2048K)
 Metaspace       used 26906K, capacity 27197K, committed 27440K, reserved 1073152K
  class space    used 3061K, capacity 3151K, committed 3200K, reserved 1048576K
}
Event: 63.436 GC heap before
{Heap before GC invocations=12 (full 0):
 garbage-first heap   total 112640K, used 73279K [0x00000000c0800000, 0x0000000100000000)
  region size 1024K, 3 young (3072K), 2 survivors (2048K)
 Metaspace       used 26912K, capacity 27203K, committed 27440K, reserved 1073152K
  class space    used 3062K, capacity 3152K, committed 3200K, reserved 1048576K
}
Event: 63.447 GC heap after
{Heap after GC invocations=13 (full 0):
 garbage-first heap   total 112640K, used 73084K [0x00000000c0800000, 0x0000000100000000)
  region size 1024K, 2 young (2048K), 2 survivors (2048K)
 Metaspace       used 26912K, capacity 27203K, committed 27440K, reserved 1073152K
  class space    used 3062K, capacity 3152K, committed 3200K, reserved 1048576K
}
Event: 63.629 GC heap before
{Heap before GC invocations=14 (full 0):
 garbage-first heap   total 147456K, used 85372K [0x00000000c0800000, 0x0000000100000000)
  region size 1024K, 3 young (3072K), 2 survivors (2048K)
 Metaspace       used 26937K, capacity 27215K, committed 27440K, reserved 1073152K
  class space    used 3065K, capacity 3156K, committed 3200K, reserved 1048576K
}
Event: 63.633 GC heap after
{Heap after GC invocations=15 (full 0):
 garbage-first heap   total 147456K, used 71116K [0x00000000c0800000, 0x0000000100000000)
  region size 1024K, 2 young (2048K), 2 survivors (2048K)
 Metaspace       used 26937K, capacity 27215K, committed 27440K, reserved 1073152K
  class space    used 3065K, capacity 3156K, committed 3200K, reserved 1048576K
}
Event: 66.645 GC heap before
{Heap before GC invocations=16 (full 0):
 garbage-first heap   total 147456K, used 75212K [0x00000000c0800000, 0x0000000100000000)
  region size 1024K, 5 young (5120K), 2 survivors (2048K)
 Metaspace       used 27024K, capacity 27367K, committed 27440K, reserved 1073152K
  class space    used 3070K, capacity 3164K, committed 3200K, reserved 1048576K
}
Event: 66.652 GC heap after
{Heap after GC invocations=17 (full 0):
 garbage-first heap   total 147456K, used 61045K [0x00000000c0800000, 0x0000000100000000)
  region size 1024K, 2 young (2048K), 2 survivors (2048K)
 Metaspace       used 27024K, capacity 27367K, committed 27440K, reserved 1073152K
  class space    used 3070K, capacity 3164K, committed 3200K, reserved 1048576K
}
Event: 66.800 GC heap before
{Heap before GC invocations=18 (full 0):
 garbage-first heap   total 147456K, used 73333K [0x00000000c0800000, 0x0000000100000000)
  region size 1024K, 3 young (3072K), 2 survivors (2048K)
 Metaspace       used 27037K, capacity 27379K, committed 27440K, reserved 1073152K
  class space    used 3071K, capacity 3166K, committed 3200K, reserved 1048576K
}
Event: 66.803 GC heap after
{Heap after GC invocations=19 (full 0):
 garbage-first heap   total 147456K, used 73131K [0x00000000c0800000, 0x0000000100000000)
  region size 1024K, 2 young (2048K), 2 survivors (2048K)
 Metaspace       used 27037K, capacity 27379K, committed 27440K, reserved 1073152K
  class space    used 3071K, capacity 3166K, committed 3200K, reserved 1048576K
}

